2024-11-21 21:42:16,149 [ERROR] database:90: Database initialization failed: (sqlite3.OperationalError) unable to open database file
(Background on this error at: https://sqlalche.me/e/20/e3q8)
2024-11-21 21:44:03,804 [ERROR] database:90: Database initialization failed: (sqlite3.OperationalError) unable to open database file
(Background on this error at: https://sqlalche.me/e/20/e3q8)
2024-11-21 21:46:49,419 [ERROR] database:95: Database initialization failed: (sqlite3.OperationalError) unable to open database file
(Background on this error at: https://sqlalche.me/e/20/e3q8)
2024-11-21 21:49:41,069 [ERROR] database:95: Database initialization failed: (sqlite3.OperationalError) unable to open database file
(Background on this error at: https://sqlalche.me/e/20/e3q8)
2024-11-21 21:54:36,862 [ERROR] database:95: Database initialization failed: (sqlite3.OperationalError) unable to open database file
(Background on this error at: https://sqlalche.me/e/20/e3q8)
2024-11-21 21:57:06,521 [ERROR] database:113: Database initialization failed: (sqlite3.OperationalError) unable to open database file
(Background on this error at: https://sqlalche.me/e/20/e3q8)
2024-11-21 22:08:44,730 [ERROR] database:117: Error creating default admin account: (sqlite3.IntegrityError) NOT NULL constraint failed: admin.name
[SQL: INSERT INTO admin (username, email, name, password_hash, created_at, last_login, is_active, is_super_admin) VALUES (?, ?, ?, ?, ?, ?, ?, ?)]
[parameters: ('admin', 'admin@example.com', None, 'pbkdf2:sha256:600000$iVMNwBXc8wu8pwK6$055f77f8358bb24ccb136d1f556db9d092629f8470a1900bd5316b0b6011f21e', '2024-11-21 16:38:44.730518', None, 1, 1)]
(Background on this error at: https://sqlalche.me/e/20/gkpj)
2024-11-21 22:08:44,731 [ERROR] database:121: Database initialization failed: (sqlite3.IntegrityError) NOT NULL constraint failed: admin.name
[SQL: INSERT INTO admin (username, email, name, password_hash, created_at, last_login, is_active, is_super_admin) VALUES (?, ?, ?, ?, ?, ?, ?, ?)]
[parameters: ('admin', 'admin@example.com', None, 'pbkdf2:sha256:600000$iVMNwBXc8wu8pwK6$055f77f8358bb24ccb136d1f556db9d092629f8470a1900bd5316b0b6011f21e', '2024-11-21 16:38:44.730518', None, 1, 1)]
(Background on this error at: https://sqlalche.me/e/20/gkpj)
2024-11-21 22:11:08,604 [ERROR] root:18: Error in admin dashboard route: admin/dashboard.html
2024-11-21 22:12:44,967 [ERROR] root:18: Error in admin dashboard route: admin/dashboard.html
2024-11-21 22:16:49,718 [ERROR] root:26: Error in admin dashboard route: type object 'TaxCalculation' has no attribute 'created_at'
2024-11-21 22:16:54,760 [ERROR] root:26: Error in admin dashboard route: type object 'TaxCalculation' has no attribute 'created_at'
2024-11-21 22:16:56,669 [ERROR] root:26: Error in admin dashboard route: type object 'TaxCalculation' has no attribute 'created_at'
2024-11-21 22:17:00,566 [ERROR] root:26: Error in admin dashboard route: type object 'TaxCalculation' has no attribute 'created_at'
2024-11-21 22:34:03,705 [ERROR] root:26: Error in admin dashboard route: type object 'TaxCalculation' has no attribute 'created_at'
2024-11-21 22:34:07,191 [ERROR] app:1414: Exception on /login [GET]
Traceback (most recent call last):
  File "/home/monk/Documents/capstone/income-tax-calculator (copy)/venv/lib/python3.12/site-packages/flask/app.py", line 2190, in wsgi_app
    response = self.full_dispatch_request()
               ^^^^^^^^^^^^^^^^^^^^^^^^^^^^
  File "/home/monk/Documents/capstone/income-tax-calculator (copy)/venv/lib/python3.12/site-packages/flask/app.py", line 1486, in full_dispatch_request
    rv = self.handle_user_exception(e)
         ^^^^^^^^^^^^^^^^^^^^^^^^^^^^^
  File "/home/monk/Documents/capstone/income-tax-calculator (copy)/venv/lib/python3.12/site-packages/flask/app.py", line 1484, in full_dispatch_request
    rv = self.dispatch_request()
         ^^^^^^^^^^^^^^^^^^^^^^^
  File "/home/monk/Documents/capstone/income-tax-calculator (copy)/venv/lib/python3.12/site-packages/flask/app.py", line 1469, in dispatch_request
    return self.ensure_sync(self.view_functions[rule.endpoint])(**view_args)
           ^^^^^^^^^^^^^^^^^^^^^^^^^^^^^^^^^^^^^^^^^^^^^^^^^^^^^^^^^^^^^^^^^
  File "/home/monk/Documents/capstone/income-tax-calculator (copy)/auth.py", line 100, in login
  File "/home/monk/Documents/capstone/income-tax-calculator (copy)/venv/lib/python3.12/site-packages/flask/templating.py", line 150, in render_template
    template = app.jinja_env.get_or_select_template(template_name_or_list)
               ^^^^^^^^^^^^^^^^^^^^^^^^^^^^^^^^^^^^^^^^^^^^^^^^^^^^^^^^^^^
  File "/home/monk/Documents/capstone/income-tax-calculator (copy)/venv/lib/python3.12/site-packages/jinja2/environment.py", line 1084, in get_or_select_template
    return self.get_template(template_name_or_list, parent, globals)
           ^^^^^^^^^^^^^^^^^^^^^^^^^^^^^^^^^^^^^^^^^^^^^^^^^^^^^^^^^
  File "/home/monk/Documents/capstone/income-tax-calculator (copy)/venv/lib/python3.12/site-packages/jinja2/environment.py", line 1013, in get_template
    return self._load_template(name, globals)
           ^^^^^^^^^^^^^^^^^^^^^^^^^^^^^^^^^^
  File "/home/monk/Documents/capstone/income-tax-calculator (copy)/venv/lib/python3.12/site-packages/jinja2/environment.py", line 972, in _load_template
    template = self.loader.load(self, name, self.make_globals(globals))
               ^^^^^^^^^^^^^^^^^^^^^^^^^^^^^^^^^^^^^^^^^^^^^^^^^^^^^^^^
  File "/home/monk/Documents/capstone/income-tax-calculator (copy)/venv/lib/python3.12/site-packages/jinja2/loaders.py", line 126, in load
    source, filename, uptodate = self.get_source(environment, name)
                                 ^^^^^^^^^^^^^^^^^^^^^^^^^^^^^^^^^^
  File "/home/monk/Documents/capstone/income-tax-calculator (copy)/venv/lib/python3.12/site-packages/flask/templating.py", line 64, in get_source
    return self._get_source_fast(environment, template)
           ^^^^^^^^^^^^^^^^^^^^^^^^^^^^^^^^^^^^^^^^^^^^
  File "/home/monk/Documents/capstone/income-tax-calculator (copy)/venv/lib/python3.12/site-packages/flask/templating.py", line 98, in _get_source_fast
    raise TemplateNotFound(template)
jinja2.exceptions.TemplateNotFound: login.html
2024-11-21 22:34:07,195 [ERROR] app:104: 500 error: 500 Internal Server Error: The server encountered an internal error and was unable to complete your request. Either the server is overloaded or there is an error in the application.
2024-11-21 22:34:11,093 [ERROR] app:1414: Exception on /login [GET]
Traceback (most recent call last):
  File "/home/monk/Documents/capstone/income-tax-calculator (copy)/venv/lib/python3.12/site-packages/flask/app.py", line 2190, in wsgi_app
    response = self.full_dispatch_request()
               ^^^^^^^^^^^^^^^^^^^^^^^^^^^^
  File "/home/monk/Documents/capstone/income-tax-calculator (copy)/venv/lib/python3.12/site-packages/flask/app.py", line 1486, in full_dispatch_request
    rv = self.handle_user_exception(e)
         ^^^^^^^^^^^^^^^^^^^^^^^^^^^^^
  File "/home/monk/Documents/capstone/income-tax-calculator (copy)/venv/lib/python3.12/site-packages/flask/app.py", line 1484, in full_dispatch_request
    rv = self.dispatch_request()
         ^^^^^^^^^^^^^^^^^^^^^^^
  File "/home/monk/Documents/capstone/income-tax-calculator (copy)/venv/lib/python3.12/site-packages/flask/app.py", line 1469, in dispatch_request
    return self.ensure_sync(self.view_functions[rule.endpoint])(**view_args)
           ^^^^^^^^^^^^^^^^^^^^^^^^^^^^^^^^^^^^^^^^^^^^^^^^^^^^^^^^^^^^^^^^^
  File "/home/monk/Documents/capstone/income-tax-calculator (copy)/auth.py", line 100, in login
  File "/home/monk/Documents/capstone/income-tax-calculator (copy)/venv/lib/python3.12/site-packages/flask/templating.py", line 150, in render_template
    template = app.jinja_env.get_or_select_template(template_name_or_list)
               ^^^^^^^^^^^^^^^^^^^^^^^^^^^^^^^^^^^^^^^^^^^^^^^^^^^^^^^^^^^
  File "/home/monk/Documents/capstone/income-tax-calculator (copy)/venv/lib/python3.12/site-packages/jinja2/environment.py", line 1084, in get_or_select_template
    return self.get_template(template_name_or_list, parent, globals)
           ^^^^^^^^^^^^^^^^^^^^^^^^^^^^^^^^^^^^^^^^^^^^^^^^^^^^^^^^^
  File "/home/monk/Documents/capstone/income-tax-calculator (copy)/venv/lib/python3.12/site-packages/jinja2/environment.py", line 1013, in get_template
    return self._load_template(name, globals)
           ^^^^^^^^^^^^^^^^^^^^^^^^^^^^^^^^^^
  File "/home/monk/Documents/capstone/income-tax-calculator (copy)/venv/lib/python3.12/site-packages/jinja2/environment.py", line 972, in _load_template
    template = self.loader.load(self, name, self.make_globals(globals))
               ^^^^^^^^^^^^^^^^^^^^^^^^^^^^^^^^^^^^^^^^^^^^^^^^^^^^^^^^
  File "/home/monk/Documents/capstone/income-tax-calculator (copy)/venv/lib/python3.12/site-packages/jinja2/loaders.py", line 126, in load
    source, filename, uptodate = self.get_source(environment, name)
                                 ^^^^^^^^^^^^^^^^^^^^^^^^^^^^^^^^^^
  File "/home/monk/Documents/capstone/income-tax-calculator (copy)/venv/lib/python3.12/site-packages/flask/templating.py", line 64, in get_source
    return self._get_source_fast(environment, template)
           ^^^^^^^^^^^^^^^^^^^^^^^^^^^^^^^^^^^^^^^^^^^^
  File "/home/monk/Documents/capstone/income-tax-calculator (copy)/venv/lib/python3.12/site-packages/flask/templating.py", line 98, in _get_source_fast
    raise TemplateNotFound(template)
jinja2.exceptions.TemplateNotFound: login.html
2024-11-21 22:34:11,094 [ERROR] app:104: 500 error: 500 Internal Server Error: The server encountered an internal error and was unable to complete your request. Either the server is overloaded or there is an error in the application.
2024-11-22 08:08:45,756 [ERROR] app:1414: Exception on /login [GET]
Traceback (most recent call last):
  File "/home/monk/Documents/capstone/income-tax-calculator (copy)/venv/lib/python3.12/site-packages/flask/app.py", line 2190, in wsgi_app
    response = self.full_dispatch_request()
               ^^^^^^^^^^^^^^^^^^^^^^^^^^^^
  File "/home/monk/Documents/capstone/income-tax-calculator (copy)/venv/lib/python3.12/site-packages/flask/app.py", line 1486, in full_dispatch_request
    rv = self.handle_user_exception(e)
         ^^^^^^^^^^^^^^^^^^^^^^^^^^^^^
  File "/home/monk/Documents/capstone/income-tax-calculator (copy)/venv/lib/python3.12/site-packages/flask/app.py", line 1484, in full_dispatch_request
    rv = self.dispatch_request()
         ^^^^^^^^^^^^^^^^^^^^^^^
  File "/home/monk/Documents/capstone/income-tax-calculator (copy)/venv/lib/python3.12/site-packages/flask/app.py", line 1469, in dispatch_request
    return self.ensure_sync(self.view_functions[rule.endpoint])(**view_args)
           ^^^^^^^^^^^^^^^^^^^^^^^^^^^^^^^^^^^^^^^^^^^^^^^^^^^^^^^^^^^^^^^^^
  File "/home/monk/Documents/capstone/income-tax-calculator (copy)/auth.py", line 100, in login
  File "/home/monk/Documents/capstone/income-tax-calculator (copy)/venv/lib/python3.12/site-packages/flask/templating.py", line 150, in render_template
    template = app.jinja_env.get_or_select_template(template_name_or_list)
               ^^^^^^^^^^^^^^^^^^^^^^^^^^^^^^^^^^^^^^^^^^^^^^^^^^^^^^^^^^^
  File "/home/monk/Documents/capstone/income-tax-calculator (copy)/venv/lib/python3.12/site-packages/jinja2/environment.py", line 1084, in get_or_select_template
    return self.get_template(template_name_or_list, parent, globals)
           ^^^^^^^^^^^^^^^^^^^^^^^^^^^^^^^^^^^^^^^^^^^^^^^^^^^^^^^^^
  File "/home/monk/Documents/capstone/income-tax-calculator (copy)/venv/lib/python3.12/site-packages/jinja2/environment.py", line 1013, in get_template
    return self._load_template(name, globals)
           ^^^^^^^^^^^^^^^^^^^^^^^^^^^^^^^^^^
  File "/home/monk/Documents/capstone/income-tax-calculator (copy)/venv/lib/python3.12/site-packages/jinja2/environment.py", line 972, in _load_template
    template = self.loader.load(self, name, self.make_globals(globals))
               ^^^^^^^^^^^^^^^^^^^^^^^^^^^^^^^^^^^^^^^^^^^^^^^^^^^^^^^^
  File "/home/monk/Documents/capstone/income-tax-calculator (copy)/venv/lib/python3.12/site-packages/jinja2/loaders.py", line 126, in load
    source, filename, uptodate = self.get_source(environment, name)
                                 ^^^^^^^^^^^^^^^^^^^^^^^^^^^^^^^^^^
  File "/home/monk/Documents/capstone/income-tax-calculator (copy)/venv/lib/python3.12/site-packages/flask/templating.py", line 64, in get_source
    return self._get_source_fast(environment, template)
           ^^^^^^^^^^^^^^^^^^^^^^^^^^^^^^^^^^^^^^^^^^^^
  File "/home/monk/Documents/capstone/income-tax-calculator (copy)/venv/lib/python3.12/site-packages/flask/templating.py", line 98, in _get_source_fast
    raise TemplateNotFound(template)
jinja2.exceptions.TemplateNotFound: login.html
2024-11-22 08:08:45,757 [ERROR] app:104: 500 error: 500 Internal Server Error: The server encountered an internal error and was unable to complete your request. Either the server is overloaded or there is an error in the application.
2024-11-22 08:20:00,526 [ERROR] __main__:82: Error creating database tables: (sqlite3.OperationalError) unable to open database file
(Background on this error at: https://sqlalche.me/e/20/e3q8)
2024-11-22 08:23:39,883 [ERROR] app:82: Error creating database tables: (sqlite3.OperationalError) unable to open database file
(Background on this error at: https://sqlalche.me/e/20/e3q8)
2024-11-22 08:23:39,891 [ERROR] flask_migrate:113: Error: Directory migrations already exists and is not empty
2024-11-22 08:24:27,974 [ERROR] app:62: Error creating database tables: (sqlite3.OperationalError) unable to open database file
(Background on this error at: https://sqlalche.me/e/20/e3q8)
2024-11-22 08:24:27,981 [ERROR] flask_migrate:113: Error: Directory migrations already exists and is not empty
2024-11-22 08:25:14,827 [ERROR] app:62: Error creating database tables: (sqlite3.OperationalError) unable to open database file
(Background on this error at: https://sqlalche.me/e/20/e3q8)
2024-11-22 08:25:33,564 [ERROR] app:62: Error creating database tables: (sqlite3.OperationalError) unable to open database file
(Background on this error at: https://sqlalche.me/e/20/e3q8)
2024-11-22 08:26:31,134 [ERROR] app:62: Error creating database tables: (sqlite3.OperationalError) unable to open database file
(Background on this error at: https://sqlalche.me/e/20/e3q8)
2024-11-22 08:27:08,141 [ERROR] app:62: Error creating database tables: (sqlite3.OperationalError) unable to open database file
(Background on this error at: https://sqlalche.me/e/20/e3q8)
2024-11-22 08:27:58,760 [ERROR] app:62: Error creating database tables: (sqlite3.OperationalError) unable to open database file
(Background on this error at: https://sqlalche.me/e/20/e3q8)
2024-11-22 08:29:40,231 [ERROR] app:62: Error creating database tables: (sqlite3.OperationalError) unable to open database file
(Background on this error at: https://sqlalche.me/e/20/e3q8)
2024-11-22 08:31:14,027 [ERROR] flask_migrate:113: Error: Directory migrations already exists and is not empty
2024-11-22 08:36:54,019 [ERROR] routes.auth:59: Error in login route: 'form' is undefined
2024-11-22 08:37:21,484 [ERROR] routes.auth:103: Error in register route: 'form' is undefined
2024-11-22 08:37:31,485 [ERROR] routes.auth:59: Error in login route: 'form' is undefined
2024-11-22 08:42:02,409 [ERROR] routes.auth:57: Error in login route: The current Flask app is not registered with this 'SQLAlchemy' instance. Did you forget to call 'init_app', or did you create multiple 'SQLAlchemy' instances?
2024-11-22 08:42:08,430 [ERROR] routes.auth:101: Error in register route: 'form' is undefined
2024-11-22 08:46:32,263 [ERROR] routes.auth:96: Error in register route: The current Flask app is not registered with this 'SQLAlchemy' instance. Did you forget to call 'init_app', or did you create multiple 'SQLAlchemy' instances?
2024-11-22 08:50:43,298 [ERROR] routes.auth:107: Error in register route: The current Flask app is not registered with this 'SQLAlchemy' instance. Did you forget to call 'init_app', or did you create multiple 'SQLAlchemy' instances?
Traceback (most recent call last):
  File "/home/monk/Documents/capstone/income-tax-calculator (copy)/routes/auth.py", line 75, in register
    existing_user = Employee.query.filter_by(email=form.email.data).first()
                    ^^^^^^^^^^^^^^^^^^^^^^^^^^^^^^^^^^^^^^^^^^^^^^^^^^^^^^^
  File "/home/monk/Documents/capstone/income-tax-calculator (copy)/venv/lib/python3.12/site-packages/sqlalchemy/orm/query.py", line 2748, in first
    return self.limit(1)._iter().first()  # type: ignore
           ^^^^^^^^^^^^^^^^^^^^^
  File "/home/monk/Documents/capstone/income-tax-calculator (copy)/venv/lib/python3.12/site-packages/sqlalchemy/orm/query.py", line 2847, in _iter
    result: Union[ScalarResult[_T], Result[_T]] = self.session.execute(
                                                  ^^^^^^^^^^^^^^^^^^^^^
  File "/home/monk/Documents/capstone/income-tax-calculator (copy)/venv/lib/python3.12/site-packages/sqlalchemy/orm/session.py", line 2308, in execute
    return self._execute_internal(
           ^^^^^^^^^^^^^^^^^^^^^^^
  File "/home/monk/Documents/capstone/income-tax-calculator (copy)/venv/lib/python3.12/site-packages/sqlalchemy/orm/session.py", line 2178, in _execute_internal
    bind = self.get_bind(**bind_arguments)
           ^^^^^^^^^^^^^^^^^^^^^^^^^^^^^^^
  File "/home/monk/Documents/capstone/income-tax-calculator (copy)/venv/lib/python3.12/site-packages/flask_sqlalchemy/session.py", line 53, in get_bind
    engines = self._db.engines
              ^^^^^^^^^^^^^^^^
  File "/home/monk/Documents/capstone/income-tax-calculator (copy)/venv/lib/python3.12/site-packages/flask_sqlalchemy/extension.py", line 690, in engines
    raise RuntimeError(
RuntimeError: The current Flask app is not registered with this 'SQLAlchemy' instance. Did you forget to call 'init_app', or did you create multiple 'SQLAlchemy' instances?
2024-11-22 08:52:35,267 [ERROR] app:60: Error creating database tables: (sqlite3.OperationalError) unable to open database file
(Background on this error at: https://sqlalche.me/e/20/e3q8)
2024-11-22 08:53:55,979 [ERROR] app:60: Error creating database tables: (sqlite3.OperationalError) unable to open database file
(Background on this error at: https://sqlalche.me/e/20/e3q8)
2024-11-22 08:53:56,977 [ERROR] app:60: Error creating database tables: (sqlite3.OperationalError) unable to open database file
(Background on this error at: https://sqlalche.me/e/20/e3q8)
2024-11-22 08:54:46,206 [ERROR] routes.auth:107: Error in register route: (sqlite3.OperationalError) unable to open database file
(Background on this error at: https://sqlalche.me/e/20/e3q8)
Traceback (most recent call last):
  File "/home/monk/Documents/capstone/income-tax-calculator (copy)/venv/lib/python3.12/site-packages/sqlalchemy/engine/base.py", line 145, in __init__
    self._dbapi_connection = engine.raw_connection()
                             ^^^^^^^^^^^^^^^^^^^^^^^
  File "/home/monk/Documents/capstone/income-tax-calculator (copy)/venv/lib/python3.12/site-packages/sqlalchemy/engine/base.py", line 3292, in raw_connection
    return self.pool.connect()
           ^^^^^^^^^^^^^^^^^^^
  File "/home/monk/Documents/capstone/income-tax-calculator (copy)/venv/lib/python3.12/site-packages/sqlalchemy/pool/base.py", line 452, in connect
    return _ConnectionFairy._checkout(self)
           ^^^^^^^^^^^^^^^^^^^^^^^^^^^^^^^^
  File "/home/monk/Documents/capstone/income-tax-calculator (copy)/venv/lib/python3.12/site-packages/sqlalchemy/pool/base.py", line 1269, in _checkout
    fairy = _ConnectionRecord.checkout(pool)
            ^^^^^^^^^^^^^^^^^^^^^^^^^^^^^^^^
  File "/home/monk/Documents/capstone/income-tax-calculator (copy)/venv/lib/python3.12/site-packages/sqlalchemy/pool/base.py", line 716, in checkout
    rec = pool._do_get()
          ^^^^^^^^^^^^^^
  File "/home/monk/Documents/capstone/income-tax-calculator (copy)/venv/lib/python3.12/site-packages/sqlalchemy/pool/impl.py", line 169, in _do_get
    with util.safe_reraise():
  File "/home/monk/Documents/capstone/income-tax-calculator (copy)/venv/lib/python3.12/site-packages/sqlalchemy/util/langhelpers.py", line 146, in __exit__
    raise exc_value.with_traceback(exc_tb)
  File "/home/monk/Documents/capstone/income-tax-calculator (copy)/venv/lib/python3.12/site-packages/sqlalchemy/pool/impl.py", line 167, in _do_get
    return self._create_connection()
           ^^^^^^^^^^^^^^^^^^^^^^^^^
  File "/home/monk/Documents/capstone/income-tax-calculator (copy)/venv/lib/python3.12/site-packages/sqlalchemy/pool/base.py", line 393, in _create_connection
    return _ConnectionRecord(self)
           ^^^^^^^^^^^^^^^^^^^^^^^
  File "/home/monk/Documents/capstone/income-tax-calculator (copy)/venv/lib/python3.12/site-packages/sqlalchemy/pool/base.py", line 678, in __init__
    self.__connect()
  File "/home/monk/Documents/capstone/income-tax-calculator (copy)/venv/lib/python3.12/site-packages/sqlalchemy/pool/base.py", line 902, in __connect
    with util.safe_reraise():
  File "/home/monk/Documents/capstone/income-tax-calculator (copy)/venv/lib/python3.12/site-packages/sqlalchemy/util/langhelpers.py", line 146, in __exit__
    raise exc_value.with_traceback(exc_tb)
  File "/home/monk/Documents/capstone/income-tax-calculator (copy)/venv/lib/python3.12/site-packages/sqlalchemy/pool/base.py", line 898, in __connect
    self.dbapi_connection = connection = pool._invoke_creator(self)
                                         ^^^^^^^^^^^^^^^^^^^^^^^^^^
  File "/home/monk/Documents/capstone/income-tax-calculator (copy)/venv/lib/python3.12/site-packages/sqlalchemy/engine/create.py", line 637, in connect
    return dialect.connect(*cargs, **cparams)
           ^^^^^^^^^^^^^^^^^^^^^^^^^^^^^^^^^^
  File "/home/monk/Documents/capstone/income-tax-calculator (copy)/venv/lib/python3.12/site-packages/sqlalchemy/engine/default.py", line 616, in connect
    return self.loaded_dbapi.connect(*cargs, **cparams)
           ^^^^^^^^^^^^^^^^^^^^^^^^^^^^^^^^^^^^^^^^^^^^
sqlite3.OperationalError: unable to open database file

The above exception was the direct cause of the following exception:

Traceback (most recent call last):
  File "/home/monk/Documents/capstone/income-tax-calculator (copy)/routes/auth.py", line 75, in register
    existing_user = Employee.query.filter_by(email=form.email.data).first()
                    ^^^^^^^^^^^^^^^^^^^^^^^^^^^^^^^^^^^^^^^^^^^^^^^^^^^^^^^
  File "/home/monk/Documents/capstone/income-tax-calculator (copy)/venv/lib/python3.12/site-packages/sqlalchemy/orm/query.py", line 2748, in first
    return self.limit(1)._iter().first()  # type: ignore
           ^^^^^^^^^^^^^^^^^^^^^
  File "/home/monk/Documents/capstone/income-tax-calculator (copy)/venv/lib/python3.12/site-packages/sqlalchemy/orm/query.py", line 2847, in _iter
    result: Union[ScalarResult[_T], Result[_T]] = self.session.execute(
                                                  ^^^^^^^^^^^^^^^^^^^^^
  File "/home/monk/Documents/capstone/income-tax-calculator (copy)/venv/lib/python3.12/site-packages/sqlalchemy/orm/session.py", line 2308, in execute
    return self._execute_internal(
           ^^^^^^^^^^^^^^^^^^^^^^^
  File "/home/monk/Documents/capstone/income-tax-calculator (copy)/venv/lib/python3.12/site-packages/sqlalchemy/orm/session.py", line 2180, in _execute_internal
    conn = self._connection_for_bind(bind)
           ^^^^^^^^^^^^^^^^^^^^^^^^^^^^^^^
  File "/home/monk/Documents/capstone/income-tax-calculator (copy)/venv/lib/python3.12/site-packages/sqlalchemy/orm/session.py", line 2047, in _connection_for_bind
    return trans._connection_for_bind(engine, execution_options)
           ^^^^^^^^^^^^^^^^^^^^^^^^^^^^^^^^^^^^^^^^^^^^^^^^^^^^^
  File "<string>", line 2, in _connection_for_bind
  File "/home/monk/Documents/capstone/income-tax-calculator (copy)/venv/lib/python3.12/site-packages/sqlalchemy/orm/state_changes.py", line 139, in _go
    ret_value = fn(self, *arg, **kw)
                ^^^^^^^^^^^^^^^^^^^^
  File "/home/monk/Documents/capstone/income-tax-calculator (copy)/venv/lib/python3.12/site-packages/sqlalchemy/orm/session.py", line 1143, in _connection_for_bind
    conn = bind.connect()
           ^^^^^^^^^^^^^^
  File "/home/monk/Documents/capstone/income-tax-calculator (copy)/venv/lib/python3.12/site-packages/sqlalchemy/engine/base.py", line 3268, in connect
    return self._connection_cls(self)
           ^^^^^^^^^^^^^^^^^^^^^^^^^^
  File "/home/monk/Documents/capstone/income-tax-calculator (copy)/venv/lib/python3.12/site-packages/sqlalchemy/engine/base.py", line 147, in __init__
    Connection._handle_dbapi_exception_noconnection(
  File "/home/monk/Documents/capstone/income-tax-calculator (copy)/venv/lib/python3.12/site-packages/sqlalchemy/engine/base.py", line 2430, in _handle_dbapi_exception_noconnection
    raise sqlalchemy_exception.with_traceback(exc_info[2]) from e
  File "/home/monk/Documents/capstone/income-tax-calculator (copy)/venv/lib/python3.12/site-packages/sqlalchemy/engine/base.py", line 145, in __init__
    self._dbapi_connection = engine.raw_connection()
                             ^^^^^^^^^^^^^^^^^^^^^^^
  File "/home/monk/Documents/capstone/income-tax-calculator (copy)/venv/lib/python3.12/site-packages/sqlalchemy/engine/base.py", line 3292, in raw_connection
    return self.pool.connect()
           ^^^^^^^^^^^^^^^^^^^
  File "/home/monk/Documents/capstone/income-tax-calculator (copy)/venv/lib/python3.12/site-packages/sqlalchemy/pool/base.py", line 452, in connect
    return _ConnectionFairy._checkout(self)
           ^^^^^^^^^^^^^^^^^^^^^^^^^^^^^^^^
  File "/home/monk/Documents/capstone/income-tax-calculator (copy)/venv/lib/python3.12/site-packages/sqlalchemy/pool/base.py", line 1269, in _checkout
    fairy = _ConnectionRecord.checkout(pool)
            ^^^^^^^^^^^^^^^^^^^^^^^^^^^^^^^^
  File "/home/monk/Documents/capstone/income-tax-calculator (copy)/venv/lib/python3.12/site-packages/sqlalchemy/pool/base.py", line 716, in checkout
    rec = pool._do_get()
          ^^^^^^^^^^^^^^
  File "/home/monk/Documents/capstone/income-tax-calculator (copy)/venv/lib/python3.12/site-packages/sqlalchemy/pool/impl.py", line 169, in _do_get
    with util.safe_reraise():
  File "/home/monk/Documents/capstone/income-tax-calculator (copy)/venv/lib/python3.12/site-packages/sqlalchemy/util/langhelpers.py", line 146, in __exit__
    raise exc_value.with_traceback(exc_tb)
  File "/home/monk/Documents/capstone/income-tax-calculator (copy)/venv/lib/python3.12/site-packages/sqlalchemy/pool/impl.py", line 167, in _do_get
    return self._create_connection()
           ^^^^^^^^^^^^^^^^^^^^^^^^^
  File "/home/monk/Documents/capstone/income-tax-calculator (copy)/venv/lib/python3.12/site-packages/sqlalchemy/pool/base.py", line 393, in _create_connection
    return _ConnectionRecord(self)
           ^^^^^^^^^^^^^^^^^^^^^^^
  File "/home/monk/Documents/capstone/income-tax-calculator (copy)/venv/lib/python3.12/site-packages/sqlalchemy/pool/base.py", line 678, in __init__
    self.__connect()
  File "/home/monk/Documents/capstone/income-tax-calculator (copy)/venv/lib/python3.12/site-packages/sqlalchemy/pool/base.py", line 902, in __connect
    with util.safe_reraise():
  File "/home/monk/Documents/capstone/income-tax-calculator (copy)/venv/lib/python3.12/site-packages/sqlalchemy/util/langhelpers.py", line 146, in __exit__
    raise exc_value.with_traceback(exc_tb)
  File "/home/monk/Documents/capstone/income-tax-calculator (copy)/venv/lib/python3.12/site-packages/sqlalchemy/pool/base.py", line 898, in __connect
    self.dbapi_connection = connection = pool._invoke_creator(self)
                                         ^^^^^^^^^^^^^^^^^^^^^^^^^^
  File "/home/monk/Documents/capstone/income-tax-calculator (copy)/venv/lib/python3.12/site-packages/sqlalchemy/engine/create.py", line 637, in connect
    return dialect.connect(*cargs, **cparams)
           ^^^^^^^^^^^^^^^^^^^^^^^^^^^^^^^^^^
  File "/home/monk/Documents/capstone/income-tax-calculator (copy)/venv/lib/python3.12/site-packages/sqlalchemy/engine/default.py", line 616, in connect
    return self.loaded_dbapi.connect(*cargs, **cparams)
           ^^^^^^^^^^^^^^^^^^^^^^^^^^^^^^^^^^^^^^^^^^^^
sqlalchemy.exc.OperationalError: (sqlite3.OperationalError) unable to open database file
(Background on this error at: https://sqlalche.me/e/20/e3q8)
2024-11-22 09:07:59,463 [ERROR] app:64: Error creating database tables: (sqlite3.OperationalError) unable to open database file
(Background on this error at: https://sqlalche.me/e/20/e3q8)
2024-11-22 09:08:23,760 [ERROR] app:64: Error creating database tables: (sqlite3.OperationalError) unable to open database file
(Background on this error at: https://sqlalche.me/e/20/e3q8)
2024-11-22 09:08:23,764 [ERROR] flask_migrate:113: Error: Directory migrations already exists and is not empty
2024-11-22 09:08:32,045 [ERROR] app:64: Error creating database tables: (sqlite3.OperationalError) unable to open database file
(Background on this error at: https://sqlalche.me/e/20/e3q8)
